# JRE version: OpenJDK Runtime Environment Corretto-17.0.14.7.1 (17.0.14+7) (build 17.0.14+7-LTS)
# Java VM: OpenJDK 64-Bit Server VM Corretto-17.0.14.7.1 (17.0.14+7-LTS, mixed mode, sharing, tiered, compressed oops, compressed class ptrs, g1 gc, windows-amd64)
GC Precious Log:
 CPUs: 12 total, 12 available
 Memory: 16221M
 Large Page Support: Disabled
 NUMA Support: Disabled
 Compressed Oops: Enabled (Zero based)
 Heap Region Size: 2M
 Heap Min Capacity: 8M
 Heap Initial Capacity: 254M
 Heap Max Capacity: 4056M
 Pre-touch: Disabled
 Parallel Workers: 10
 Concurrent Workers: 3
 Concurrent Refinement Workers: 10
 Periodic GC: Disabled
Heap:
 garbage-first heap   total 161792K, used 43265K [0x0000000702800000, 0x0000000800000000)
  region size 2048K, 12 young (24576K), 2 survivors (4096K)
 Metaspace       used 39944K, committed 40448K, reserved 1114112K
  class space    used 5142K, committed 5376K, reserved 1048576K
GC Heap History (20 events):
Event: 1.886 GC heap before
{Heap before GC invocations=0 (full 0):
 garbage-first heap   total 260096K, used 20480K [0x0000000702800000, 0x0000000800000000)
  region size 2048K, 11 young (22528K), 0 survivors (0K)
 Metaspace       used 7090K, committed 7296K, reserved 1114112K
  class space    used 793K, committed 832K, reserved 1048576K
}
Event: 1.892 GC heap after
{Heap after GC invocations=1 (full 0):
 garbage-first heap   total 260096K, used 9248K [0x0000000702800000, 0x0000000800000000)
  region size 2048K, 2 young (4096K), 2 survivors (4096K)
 Metaspace       used 7090K, committed 7296K, reserved 1114112K
  class space    used 793K, committed 832K, reserved 1048576K
}
Event: 2.597 GC heap before
{Heap before GC invocations=1 (full 0):
 garbage-first heap   total 260096K, used 25632K [0x0000000702800000, 0x0000000800000000)
  region size 2048K, 10 young (20480K), 2 survivors (4096K)
 Metaspace       used 11368K, committed 11584K, reserved 1114112K
  class space    used 1377K, committed 1472K, reserved 1048576K
}
Event: 2.602 GC heap after
{Heap after GC invocations=2 (full 0):
 garbage-first heap   total 260096K, used 10682K [0x0000000702800000, 0x0000000800000000)
  region size 2048K, 1 young (2048K), 1 survivors (2048K)
 Metaspace       used 11368K, committed 11584K, reserved 1114112K
  class space    used 1377K, committed 1472K, reserved 1048576K
}
Event: 4.162 GC heap before
{Heap before GC invocations=2 (full 0):
 garbage-first heap   total 260096K, used 61882K [0x0000000702800000, 0x0000000800000000)
  region size 2048K, 27 young (55296K), 1 survivors (2048K)
 Metaspace       used 21232K, committed 21504K, reserved 1114112K
  class space    used 2678K, committed 2816K, reserved 1048576K
}
Event: 4.168 GC heap after
{Heap after GC invocations=3 (full 0):
 garbage-first heap   total 260096K, used 15025K [0x0000000702800000, 0x0000000800000000)
  region size 2048K, 3 young (6144K), 3 survivors (6144K)
 Metaspace       used 21232K, committed 21504K, reserved 1114112K
  class space    used 2678K, committed 2816K, reserved 1048576K
}
Event: 5.031 GC heap before
{Heap before GC invocations=4 (full 0):
 garbage-first heap   total 61440K, used 41649K [0x0000000702800000, 0x0000000800000000)
  region size 2048K, 17 young (34816K), 3 survivors (6144K)
 Metaspace       used 25513K, committed 25856K, reserved 1114112K
  class space    used 3241K, committed 3392K, reserved 1048576K
}
Event: 5.038 GC heap after
{Heap after GC invocations=5 (full 0):
 garbage-first heap   total 61440K, used 17956K [0x0000000702800000, 0x0000000800000000)
  region size 2048K, 2 young (4096K), 2 survivors (4096K)
 Metaspace       used 25513K, committed 25856K, reserved 1114112K
  class space    used 3241K, committed 3392K, reserved 1048576K
}
Event: 5.090 GC heap before
{Heap before GC invocations=5 (full 0):
 garbage-first heap   total 61440K, used 20004K [0x0000000702800000, 0x0000000800000000)
  region size 2048K, 3 young (6144K), 2 survivors (4096K)
 Metaspace       used 25628K, committed 25920K, reserved 1114112K
  class space    used 3251K, committed 3392K, reserved 1048576K
}
Event: 5.095 GC heap after
{Heap after GC invocations=6 (full 0):
 garbage-first heap   total 61440K, used 18112K [0x0000000702800000, 0x0000000800000000)
  region size 2048K, 1 young (2048K), 1 survivors (2048K)
 Metaspace       used 25628K, committed 25920K, reserved 1114112K
  class space    used 3251K, committed 3392K, reserved 1048576K
}
Event: 5.713 GC heap before
{Heap before GC invocations=6 (full 0):
 garbage-first heap   total 61440K, used 36544K [0x0000000702800000, 0x0000000800000000)
  region size 2048K, 10 young (20480K), 1 survivors (2048K)
 Metaspace       used 26987K, committed 27264K, reserved 1114112K
  class space    used 3413K, committed 3520K, reserved 1048576K
}
Event: 5.718 GC heap after
{Heap after GC invocations=7 (full 0):
 garbage-first heap   total 61440K, used 19105K [0x0000000702800000, 0x0000000800000000)
  region size 2048K, 1 young (2048K), 1 survivors (2048K)
 Metaspace       used 26987K, committed 27264K, reserved 1114112K
  class space    used 3413K, committed 3520K, reserved 1048576K
}
Event: 6.569 GC heap before
{Heap before GC invocations=7 (full 0):
 garbage-first heap   total 61440K, used 39585K [0x0000000702800000, 0x0000000800000000)
  region size 2048K, 11 young (22528K), 1 survivors (2048K)
 Metaspace       used 29569K, committed 29952K, reserved 1114112K
  class space    used 3739K, committed 3904K, reserved 1048576K
}
Event: 6.578 GC heap after
{Heap after GC invocations=8 (full 0):
 garbage-first heap   total 61440K, used 20506K [0x0000000702800000, 0x0000000800000000)
  region size 2048K, 2 young (4096K), 2 survivors (4096K)
 Metaspace       used 29569K, committed 29952K, reserved 1114112K
  class space    used 3739K, committed 3904K, reserved 1048576K
}
Event: 7.266 GC heap before
{Heap before GC invocations=8 (full 0):
 garbage-first heap   total 61440K, used 40986K [0x0000000702800000, 0x0000000800000000)
  region size 2048K, 12 young (24576K), 2 survivors (4096K)
 Metaspace       used 31791K, committed 32192K, reserved 1114112K
  class space    used 4066K, committed 4288K, reserved 1048576K
}
Event: 7.273 GC heap after
{Heap after GC invocations=9 (full 0):
 garbage-first heap   total 61440K, used 21817K [0x0000000702800000, 0x0000000800000000)
  region size 2048K, 2 young (4096K), 2 survivors (4096K)
 Metaspace       used 31791K, committed 32192K, reserved 1114112K
  class space    used 4066K, committed 4288K, reserved 1048576K
}
Event: 8.058 GC heap before
{Heap before GC invocations=9 (full 0):
 garbage-first heap   total 61440K, used 38201K [0x0000000702800000, 0x0000000800000000)
  region size 2048K, 12 young (24576K), 2 survivors (4096K)
 Metaspace       used 35600K, committed 35968K, reserved 1114112K
  class space    used 4562K, committed 4736K, reserved 1048576K
}
Event: 8.066 GC heap after
{Heap after GC invocations=10 (full 0):
 garbage-first heap   total 61440K, used 23672K [0x0000000702800000, 0x0000000800000000)
  region size 2048K, 2 young (4096K), 2 survivors (4096K)
 Metaspace       used 35600K, committed 35968K, reserved 1114112K
  class space    used 4562K, committed 4736K, reserved 1048576K
}
Event: 8.812 GC heap before
{Heap before GC invocations=11 (full 0):
 garbage-first heap   total 61440K, used 44152K [0x0000000702800000, 0x0000000800000000)
  region size 2048K, 12 young (24576K), 2 survivors (4096K)
 Metaspace       used 37639K, committed 38144K, reserved 1114112K
  class space    used 4872K, committed 5120K, reserved 1048576K
}
Event: 8.822 GC heap after
{Heap after GC invocations=12 (full 0):
 garbage-first heap   total 161792K, used 24833K [0x0000000702800000, 0x0000000800000000)
  region size 2048K, 2 young (4096K), 2 survivors (4096K)
 Metaspace       used 37639K, committed 38144K, reserved 1114112K
  class space    used 4872K, committed 5120K, reserved 1048576K
}

