# JRE version: OpenJDK Runtime Environment Corretto-17.0.14.7.1 (17.0.14+7) (build 17.0.14+7-LTS)
# Java VM: OpenJDK 64-Bit Server VM Corretto-17.0.14.7.1 (17.0.14+7-LTS, mixed mode, sharing, tiered, compressed oops, compressed class ptrs, g1 gc, windows-amd64)
GC Precious Log:
 CPUs: 12 total, 12 available
 Memory: 16221M
 Large Page Support: Disabled
 NUMA Support: Disabled
 Compressed Oops: Enabled (Zero based)
 Heap Region Size: 2M
 Heap Min Capacity: 8M
 Heap Initial Capacity: 254M
 Heap Max Capacity: 4056M
 Pre-touch: Disabled
 Parallel Workers: 10
 Concurrent Workers: 3
 Concurrent Refinement Workers: 10
 Periodic GC: Disabled
Heap:
 garbage-first heap   total 61440K, used 33094K [0x0000000702800000, 0x0000000800000000)
  region size 2048K, 9 young (18432K), 2 survivors (4096K)
 Metaspace       used 30872K, committed 31296K, reserved 1114112K
  class space    used 3960K, committed 4160K, reserved 1048576K
GC Heap History (14 events):
Event: 0.960 GC heap before
{Heap before GC invocations=0 (full 0):
 garbage-first heap   total 260096K, used 22528K [0x0000000702800000, 0x0000000800000000)
  region size 2048K, 11 young (22528K), 0 survivors (0K)
 Metaspace       used 6802K, committed 6976K, reserved 1114112K
  class space    used 762K, committed 832K, reserved 1048576K
}
Event: 0.966 GC heap after
{Heap after GC invocations=1 (full 0):
 garbage-first heap   total 260096K, used 9272K [0x0000000702800000, 0x0000000800000000)
  region size 2048K, 2 young (4096K), 2 survivors (4096K)
 Metaspace       used 6802K, committed 6976K, reserved 1114112K
  class space    used 762K, committed 832K, reserved 1048576K
}
Event: 1.608 GC heap before
{Heap before GC invocations=1 (full 0):
 garbage-first heap   total 260096K, used 25656K [0x0000000702800000, 0x0000000800000000)
  region size 2048K, 10 young (20480K), 2 survivors (4096K)
 Metaspace       used 11471K, committed 11776K, reserved 1114112K
  class space    used 1399K, committed 1536K, reserved 1048576K
}
Event: 1.613 GC heap after
{Heap after GC invocations=2 (full 0):
 garbage-first heap   total 260096K, used 10921K [0x0000000702800000, 0x0000000800000000)
  region size 2048K, 1 young (2048K), 1 survivors (2048K)
 Metaspace       used 11471K, committed 11776K, reserved 1114112K
  class space    used 1399K, committed 1536K, reserved 1048576K
}
Event: 3.021 GC heap before
{Heap before GC invocations=2 (full 0):
 garbage-first heap   total 260096K, used 62121K [0x0000000702800000, 0x0000000800000000)
  region size 2048K, 28 young (57344K), 1 survivors (2048K)
 Metaspace       used 21252K, committed 21504K, reserved 1114112K
  class space    used 2681K, committed 2816K, reserved 1048576K
}
Event: 3.027 GC heap after
{Heap after GC invocations=3 (full 0):
 garbage-first heap   total 260096K, used 15400K [0x0000000702800000, 0x0000000800000000)
  region size 2048K, 3 young (6144K), 3 survivors (6144K)
 Metaspace       used 21252K, committed 21504K, reserved 1114112K
  class space    used 2681K, committed 2816K, reserved 1048576K
}
Event: 3.823 GC heap before
{Heap before GC invocations=4 (full 0):
 garbage-first heap   total 61440K, used 42024K [0x0000000702800000, 0x0000000800000000)
  region size 2048K, 17 young (34816K), 3 survivors (6144K)
 Metaspace       used 25533K, committed 25920K, reserved 1114112K
  class space    used 3245K, committed 3456K, reserved 1048576K
}
Event: 3.831 GC heap after
{Heap after GC invocations=5 (full 0):
 garbage-first heap   total 61440K, used 18257K [0x0000000702800000, 0x0000000800000000)
  region size 2048K, 2 young (4096K), 2 survivors (4096K)
 Metaspace       used 25533K, committed 25920K, reserved 1114112K
  class space    used 3245K, committed 3456K, reserved 1048576K
}
Event: 3.892 GC heap before
{Heap before GC invocations=5 (full 0):
 garbage-first heap   total 61440K, used 18257K [0x0000000702800000, 0x0000000800000000)
  region size 2048K, 3 young (6144K), 2 survivors (4096K)
 Metaspace       used 25633K, committed 25984K, reserved 1114112K
  class space    used 3254K, committed 3456K, reserved 1048576K
}
Event: 3.897 GC heap after
{Heap after GC invocations=6 (full 0):
 garbage-first heap   total 61440K, used 18408K [0x0000000702800000, 0x0000000800000000)
  region size 2048K, 1 young (2048K), 1 survivors (2048K)
 Metaspace       used 25633K, committed 25984K, reserved 1114112K
  class space    used 3254K, committed 3456K, reserved 1048576K
}
Event: 4.518 GC heap before
{Heap before GC invocations=6 (full 0):
 garbage-first heap   total 61440K, used 34792K [0x0000000702800000, 0x0000000800000000)
  region size 2048K, 10 young (20480K), 1 survivors (2048K)
 Metaspace       used 27034K, committed 27328K, reserved 1114112K
  class space    used 3436K, committed 3584K, reserved 1048576K
}
Event: 4.523 GC heap after
{Heap after GC invocations=7 (full 0):
 garbage-first heap   total 61440K, used 19406K [0x0000000702800000, 0x0000000800000000)
  region size 2048K, 1 young (2048K), 1 survivors (2048K)
 Metaspace       used 27034K, committed 27328K, reserved 1114112K
  class space    used 3436K, committed 3584K, reserved 1048576K
}
Event: 5.243 GC heap before
{Heap before GC invocations=7 (full 0):
 garbage-first heap   total 61440K, used 39886K [0x0000000702800000, 0x0000000800000000)
  region size 2048K, 11 young (22528K), 1 survivors (2048K)
 Metaspace       used 29625K, committed 29952K, reserved 1114112K
  class space    used 3756K, committed 3904K, reserved 1048576K
}
Event: 5.248 GC heap after
{Heap after GC invocations=8 (full 0):
 garbage-first heap   total 61440K, used 20806K [0x0000000702800000, 0x0000000800000000)
  region size 2048K, 2 young (4096K), 2 survivors (4096K)
 Metaspace       used 29625K, committed 29952K, reserved 1114112K
  class space    used 3756K, committed 3904K, reserved 1048576K
}

